[debug] [2022-08-23T02:51:31.795Z] ----------------------------------------------------------------------
[debug] [2022-08-23T02:51:31.799Z] Command:       C:\Program Files\nodejs\node.exe C:\Users\patrick\AppData\Roaming\npm\node_modules\firebase-tools\lib\bin\firebase.js init
[debug] [2022-08-23T02:51:31.800Z] CLI Version:   11.8.0
[debug] [2022-08-23T02:51:31.800Z] Platform:      win32
[debug] [2022-08-23T02:51:31.800Z] Node Version:  v18.4.0
[debug] [2022-08-23T02:51:31.801Z] Time:          Tue Aug 23 2022 03:51:31 GMT+0100 (West Africa Standard Time)
[debug] [2022-08-23T02:51:31.802Z] ----------------------------------------------------------------------
[debug] 
[debug] [2022-08-23T02:51:31.815Z] > command requires scopes: ["email","openid","https://www.googleapis.com/auth/cloudplatformprojects.readonly","https://www.googleapis.com/auth/firebase","https://www.googleapis.com/auth/cloud-platform"]
[debug] [2022-08-23T02:51:31.815Z] > authorizing via signed-in user (patrickchukwudifu716@gmail.com)
[info] 
     ######## #### ########  ######## ########     ###     ######  ########
     ##        ##  ##     ## ##       ##     ##  ##   ##  ##       ##
     ######    ##  ########  ######   ########  #########  ######  ######
     ##        ##  ##    ##  ##       ##     ## ##     ##       ## ##
     ##       #### ##     ## ######## ########  ##     ##  ######  ########

You're about to initialize a Firebase project in this directory:

  C:\Users\patrick\Desktop\wishlist\frontend

[debug] [2022-08-23T02:56:34.191Z] ----------------------------------------------------------------------
[debug] [2022-08-23T02:56:34.195Z] Command:       C:\Program Files\nodejs\node.exe C:\Users\patrick\AppData\Roaming\npm\node_modules\firebase-tools\lib\bin\firebase.js init
[debug] [2022-08-23T02:56:34.196Z] CLI Version:   11.8.0
[debug] [2022-08-23T02:56:34.196Z] Platform:      win32
[debug] [2022-08-23T02:56:34.196Z] Node Version:  v18.4.0
[debug] [2022-08-23T02:56:34.197Z] Time:          Tue Aug 23 2022 03:56:34 GMT+0100 (West Africa Standard Time)
[debug] [2022-08-23T02:56:34.198Z] ----------------------------------------------------------------------
[debug] 
[debug] [2022-08-23T02:56:34.211Z] > command requires scopes: ["email","openid","https://www.googleapis.com/auth/cloudplatformprojects.readonly","https://www.googleapis.com/auth/firebase","https://www.googleapis.com/auth/cloud-platform"]
[debug] [2022-08-23T02:56:34.212Z] > authorizing via signed-in user (patrickchukwudifu716@gmail.com)
[info] 
     ######## #### ########  ######## ########     ###     ######  ########
     ##        ##  ##     ## ##       ##     ##  ##   ##  ##       ##
     ######    ##  ########  ######   ########  #########  ######  ######
     ##        ##  ##    ##  ##       ##     ## ##     ##       ## ##
     ##       #### ##     ## ######## ########  ##     ##  ######  ########

You're about to initialize a Firebase project in this directory:

  C:\Users\patrick\Desktop\wishlist\frontend

[info] 
=== Project Setup
[info] 
[info] First, let's associate this project directory with a Firebase project.
[info] You can create multiple project aliases by running firebase use --add, 
[info] but for now we'll just set up a default project.
[info] 
[debug] [2022-08-23T02:58:17.077Z] >>> [apiv2][query] GET https://firebase.googleapis.com/v1beta1/projects pageSize=100
[debug] [2022-08-23T02:58:18.439Z] <<< [apiv2][status] GET https://firebase.googleapis.com/v1beta1/projects 200
[debug] [2022-08-23T02:58:18.440Z] <<< [apiv2][body] GET https://firebase.googleapis.com/v1beta1/projects [omitted]
[info] i  Using project wishcard-87eb4 (Wishcard) 
[info] 
=== Hosting Setup
[info] 
[info] Your public directory is the folder (relative to your project directory) that
[info] will contain Hosting assets to be uploaded with firebase deploy. If you
[info] have a build process for your assets, use your build's output directory.
[info] 
[debug] [2022-08-23T03:00:23.442Z] ----------------------------------------------------------------------
[debug] [2022-08-23T03:00:23.446Z] Command:       C:\Program Files\nodejs\node.exe C:\Users\patrick\AppData\Roaming\npm\node_modules\firebase-tools\lib\bin\firebase.js init
[debug] [2022-08-23T03:00:23.447Z] CLI Version:   11.8.0
[debug] [2022-08-23T03:00:23.447Z] Platform:      win32
[debug] [2022-08-23T03:00:23.447Z] Node Version:  v18.4.0
[debug] [2022-08-23T03:00:23.448Z] Time:          Tue Aug 23 2022 04:00:23 GMT+0100 (West Africa Standard Time)
[debug] [2022-08-23T03:00:23.449Z] ----------------------------------------------------------------------
[debug] 
[debug] [2022-08-23T03:00:23.461Z] > command requires scopes: ["email","openid","https://www.googleapis.com/auth/cloudplatformprojects.readonly","https://www.googleapis.com/auth/firebase","https://www.googleapis.com/auth/cloud-platform"]
[debug] [2022-08-23T03:00:23.462Z] > authorizing via signed-in user (patrickchukwudifu716@gmail.com)
[info] 
     ######## #### ########  ######## ########     ###     ######  ########
     ##        ##  ##     ## ##       ##     ##  ##   ##  ##       ##
     ######    ##  ########  ######   ########  #########  ######  ######
     ##        ##  ##    ##  ##       ##     ## ##     ##       ## ##
     ##       #### ##     ## ######## ########  ##     ##  ######  ########

You're about to initialize a Firebase project in this directory:

  C:\Users\patrick\Desktop\wishlist\frontend

[info] 
=== Project Setup
[info] 
[info] First, let's associate this project directory with a Firebase project.
[info] You can create multiple project aliases by running firebase use --add, 
[info] but for now we'll just set up a default project.
[info] 
[debug] [2022-08-23T03:01:43.288Z] >>> [apiv2][query] GET https://firebase.googleapis.com/v1beta1/projects pageSize=100
[debug] [2022-08-23T03:01:44.224Z] <<< [apiv2][status] GET https://firebase.googleapis.com/v1beta1/projects 200
[debug] [2022-08-23T03:01:44.225Z] <<< [apiv2][body] GET https://firebase.googleapis.com/v1beta1/projects [omitted]
[info] i  Using project wishcard-87eb4 (Wishcard) 
[info] 
=== Hosting Setup
[info] 
[info] Your public directory is the folder (relative to your project directory) that
[info] will contain Hosting assets to be uploaded with firebase deploy. If you
[info] have a build process for your assets, use your build's output directory.
[info] 
[debug] [2022-08-23T03:03:13.112Z] >>> [apiv2][query] GET https://www.gstatic.com/firebasejs/releases.json [none]
[debug] [2022-08-23T03:03:13.639Z] <<< [apiv2][status] GET https://www.gstatic.com/firebasejs/releases.json 200
[debug] [2022-08-23T03:03:13.640Z] <<< [apiv2][body] GET https://www.gstatic.com/firebasejs/releases.json {"current":{"version":"9.9.3","browserURL":"https://www.gstatic.com/firebasejs/9.9.3/firebase.js","packageURL":"https://www.gstatic.com/firebasejs/9.9.3/firebase.tgz"},"live":{"version":"9.9","browserURL":"https://www.gstatic.com/firebasejs/live/9.9/firebase.js","packageURL":"https://www.gstatic.com/firebasejs/live/9.9/firebase.tgz"},"components":{"analytics":"https://www.gstatic.com/firebasejs/9.9.3/firebase-analytics.js","app":"https://www.gstatic.com/firebasejs/9.9.3/firebase-app.js","app-check":"https://www.gstatic.com/firebasejs/9.9.3/firebase-app-check.js","auth":"https://www.gstatic.com/firebasejs/9.9.3/firebase-auth.js","auth/cordova":"https://www.gstatic.com/firebasejs/9.9.3/firebase-auth/cordova.js","auth/react-native":"https://www.gstatic.com/firebasejs/9.9.3/firebase-auth/react-native.js","functions":"https://www.gstatic.com/firebasejs/9.9.3/firebase-functions.js","firestore":"https://www.gstatic.com/firebasejs/9.9.3/firebase-firestore.js","firestore/lite":"https://www.gstatic.com/firebasejs/9.9.3/firebase-firestore/lite.js","installations":"https://www.gstatic.com/firebasejs/9.9.3/firebase-installations.js","storage":"https://www.gstatic.com/firebasejs/9.9.3/firebase-storage.js","performance":"https://www.gstatic.com/firebasejs/9.9.3/firebase-performance.js","remote-config":"https://www.gstatic.com/firebasejs/9.9.3/firebase-remote-config.js","messaging":"https://www.gstatic.com/firebasejs/9.9.3/firebase-messaging.js","messaging/sw":"https://www.gstatic.com/firebasejs/9.9.3/firebase-messaging/sw.js","database":"https://www.gstatic.com/firebasejs/9.9.3/firebase-database.js","firestore.memory":"https://www.gstatic.com/firebasejs/9.9.3/firebase-firestore.memory.js"}}
[info] i  Skipping write of build/index.html 
[info] 
[info] i  Detected a .git folder at C:\Users\patrick\Desktop\wishlist\frontend 
[info] i  Authorizing with GitHub to upload your service account to a GitHub repository's secrets store. 
[info] 
[info] Visit this URL on this device to log in:
[info] https://github.com/login/oauth/authorize?client_id=89cf50f02ac6aaed3484&state=823579632&redirect_uri=http%3A%2F%2Flocalhost%3A9005&scope=read%3Auser%20repo%20public_repo
[info] 
[info] Waiting for authentication...
[debug] [2022-08-23T03:03:42.527Z] >>> [apiv2][query] POST https://github.com/login/oauth/access_token [none]
[debug] [2022-08-23T03:03:42.528Z] >>> [apiv2][body] POST https://github.com/login/oauth/access_token [stream]
[debug] [2022-08-23T03:03:43.762Z] <<< [apiv2][status] POST https://github.com/login/oauth/access_token 200
[debug] [2022-08-23T03:03:43.762Z] <<< [apiv2][body] POST https://github.com/login/oauth/access_token {"access_token":"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","token_type":"bearer","scope":"read:user,repo"}
[debug] [2022-08-23T03:03:43.814Z] >>> [apiv2][query] GET https://api.github.com/user [none]
[debug] [2022-08-23T03:03:45.200Z] <<< [apiv2][status] GET https://api.github.com/user 200
[debug] [2022-08-23T03:03:45.201Z] <<< [apiv2][body] GET https://api.github.com/user {"login":"chiscocode","id":70813244,"node_id":"MDQ6VXNlcjcwODEzMjQ0","avatar_url":"https://avatars.githubusercontent.com/u/70813244?v=4","gravatar_id":"","url":"https://api.github.com/users/chiscocode","html_url":"https://github.com/chiscocode","followers_url":"https://api.github.com/users/chiscocode/followers","following_url":"https://api.github.com/users/chiscocode/following{/other_user}","gists_url":"https://api.github.com/users/chiscocode/gists{/gist_id}","starred_url":"https://api.github.com/users/chiscocode/starred{/owner}{/repo}","subscriptions_url":"https://api.github.com/users/chiscocode/subscriptions","organizations_url":"https://api.github.com/users/chiscocode/orgs","repos_url":"https://api.github.com/users/chiscocode/repos","events_url":"https://api.github.com/users/chiscocode/events{/privacy}","received_events_url":"https://api.github.com/users/chiscocode/received_events","type":"User","site_admin":false,"name":"Patrick Chimezie Chukwudifu","company":null,"blog":"chimezie.me","location":"Anambra State, Nigeria","email":null,"hireable":true,"bio":"Web Developer and more ","twitter_username":"Patrick97856974","public_repos":7,"public_gists":0,"followers":45,"following":61,"created_at":"2020-09-05T16:05:07Z","updated_at":"2022-08-20T23:27:13Z","private_gists":0,"total_private_repos":9,"owned_private_repos":9,"disk_usage":67644,"collaborators":0,"two_factor_authentication":false,"plan":{"name":"free","space":976562499,"collaborators":0,"private_repos":10000}}
[info] 
[info] +  Success! Logged into GitHub as chiscocode 
[info] 
